<?xml version="1.0" encoding="UTF-8" ?>
<testsuite tests="7" failures="6" name="com.sg.jdbctcomplexexample.dao.MeetingDaoDBTest" time="0" errors="0" skipped="0">
  <properties>
    <property name="java.runtime.name" value="Java(TM) SE Runtime Environment"/>
    <property name="java.vm.version" value="19.0.1+10-21"/>
    <property name="sun.boot.library.path" value="C:\Program Files\Java\jdk-19\bin"/>
    <property name="maven.multiModuleProjectDirectory" value="G:\Code\wiley_edge\exercise-repo-NickeeCoco\JDBCTComplexExampleStarter"/>
    <property name="java.vm.vendor" value="Oracle Corporation"/>
    <property name="java.vendor.url" value="https://java.oracle.com/"/>
    <property name="guice.disable.misplaced.annotation.check" value="true"/>
    <property name="path.separator" value=";"/>
    <property name="java.vm.name" value="Java HotSpot(TM) 64-Bit Server VM"/>
    <property name="sun.os.patch.level" value=""/>
    <property name="user.script" value=""/>
    <property name="user.country" value="FR"/>
    <property name="sun.java.launcher" value="SUN_STANDARD"/>
    <property name="java.vm.specification.name" value="Java Virtual Machine Specification"/>
    <property name="user.dir" value="G:\Code\wiley_edge\exercise-repo-NickeeCoco\JDBCTComplexExampleStarter"/>
    <property name="java.vm.compressedOopsMode" value="Zero based"/>
    <property name="java.runtime.version" value="19.0.1+10-21"/>
    <property name="os.arch" value="amd64"/>
    <property name="java.io.tmpdir" value="C:\Users\NICKEE~1\AppData\Local\Temp\"/>
    <property name="line.separator" value="
"/>
    <property name="java.vm.specification.vendor" value="Oracle Corporation"/>
    <property name="user.variant" value=""/>
    <property name="stderr.encoding" value="UTF-8"/>
    <property name="os.name" value="Windows 10"/>
    <property name="maven.ext.class.path" value="C:\Program Files\NetBeans-15\netbeans\java\maven-nblib\netbeans-eventspy.jar"/>
    <property name="classworlds.conf" value="C:\Program Files\NetBeans-15\netbeans\java\maven\bin\m2.conf"/>
    <property name="sun.jnu.encoding" value="UTF-8"/>
    <property name="stdout.encoding" value="UTF-8"/>
    <property name="java.library.path" value="C:\Program Files\Java\jdk-19\bin;C:\Windows\Sun\Java\bin;C:\Windows\system32;C:\Windows;C:\Program Files\Common Files\Oracle\Java\javapath;C:\Program Files (x86)\Intel\iCLS Client\;C:\Program Files\Intel\iCLS Client\;C:\Windows\system32;C:\Windows;C:\Windows\System32\Wbem;C:\Windows\System32\WindowsPowerShell\v1.0\;C:\Windows\System32\OpenSSH\;C:\Program Files\NVIDIA Corporation\NVIDIA NvDLISR;C:\Program Files (x86)\NVIDIA Corporation\PhysX\Common;C:\Program Files (x86)\Intel\Intel(R) Management Engine Components\DAL;C:\Program Files\Intel\Intel(R) Management Engine Components\DAL;C:\Program Files (x86)\Intel\Intel(R) Management Engine Components\IPT;C:\Program Files\Intel\Intel(R) Management Engine Components\IPT;C:\Android;C:\Program Files\dotnet\;C:\Program Files\nodejs\;C:\Program Files\Git\cmd;C:\Program Files\MySQL\MySQL Shell 8.0\bin\;C:\Users\Nickee Coco\AppData\Local\Microsoft\WindowsApps;C:\Users\Nickee Coco\AppData\Local\gitkraken\bin;G:\Code\Maven\apache-maven-3.8.4\bin;C:\Windows\System32;C:\Program Files\MySQL\MySQL Server 8.0\bin\;C:\Users\Nickee Coco\AppData\Roaming\npm;C:\Users\Nickee Coco\.dotnet\tools;C:\Users\Nickee Coco\AppData\Local\Programs\Microsoft VS Code\bin;C:\Users\Nickee Coco\AppData\Roaming\npm\node_modules\@angular\cli\bin;;."/>
    <property name="maven.conf" value="C:\Program Files\NetBeans-15\netbeans\java\maven/conf"/>
    <property name="jdk.debug" value="release"/>
    <property name="java.class.version" value="63.0"/>
    <property name="java.specification.name" value="Java Platform API Specification"/>
    <property name="sun.management.compiler" value="HotSpot 64-Bit Tiered Compilers"/>
    <property name="os.version" value="10.0"/>
    <property name="library.jansi.path" value="C:\Program Files\NetBeans-15\netbeans\java\maven\lib\jansi-native"/>
    <property name="user.home" value="C:\Users\Nickee Coco"/>
    <property name="user.timezone" value="America/Toronto"/>
    <property name="file.encoding" value="UTF-8"/>
    <property name="java.specification.version" value="19"/>
    <property name="user.name" value="Nickee Coco"/>
    <property name="java.class.path" value="C:\Program Files\NetBeans-15\netbeans\java\maven\boot\plexus-classworlds-2.6.0.jar"/>
    <property name="java.vm.specification.version" value="19"/>
    <property name="sun.arch.data.model" value="64"/>
    <property name="sun.java.command" value="org.codehaus.plexus.classworlds.launcher.Launcher -Dmaven.ext.class.path=C:\Program Files\NetBeans-15\netbeans\java\maven-nblib\netbeans-eventspy.jar -Dfile.encoding=UTF-8 clean install"/>
    <property name="java.home" value="C:\Program Files\Java\jdk-19"/>
    <property name="user.language" value="fr"/>
    <property name="java.specification.vendor" value="Oracle Corporation"/>
    <property name="java.vm.info" value="mixed mode, sharing"/>
    <property name="java.version" value="19.0.1"/>
    <property name="native.encoding" value="UTF-8"/>
    <property name="java.vendor" value="Oracle Corporation"/>
    <property name="maven.home" value="C:\Program Files\NetBeans-15\netbeans\java\maven"/>
    <property name="file.separator" value="\"/>
    <property name="java.version.date" value="2022-10-18"/>
    <property name="java.vendor.url.bug" value="https://bugreport.java.com/bugreport/"/>
    <property name="sun.io.unicode.encoding" value="UnicodeLittle"/>
    <property name="sun.cpu.endian" value="little"/>
    <property name="sun.cpu.isalist" value="amd64"/>
  </properties>
  <testcase classname="com.sg.jdbctcomplexexample.dao.MeetingDaoDBTest" name="com.sg.jdbctcomplexexample.dao.MeetingDaoDBTest.testGetMeetingsForRoom" time="0">
    <failure message="Cannot invoke &quot;com.sg.jdbctcomplexexample.dao.EmployeeDao.addEmployee(com.sg.jdbctcomplexexample.entity.Employee)&quot; because &quot;this.employeeDao&quot; is null" type="java.lang.NullPointerException">java.lang.NullPointerException: Cannot invoke &quot;com.sg.jdbctcomplexexample.dao.EmployeeDao.addEmployee(com.sg.jdbctcomplexexample.entity.Employee)&quot; because &quot;this.employeeDao&quot; is null
	at com.sg.jdbctcomplexexample.dao.MeetingDaoDBTest.testGetMeetingsForRoom(MeetingDaoDBTest.java:225)
</failure>
  </testcase>
  <testcase classname="com.sg.jdbctcomplexexample.dao.MeetingDaoDBTest" name="com.sg.jdbctcomplexexample.dao.MeetingDaoDBTest.testGetMeetingsForEmployee" time="0">
    <failure message="Cannot invoke &quot;com.sg.jdbctcomplexexample.dao.EmployeeDao.addEmployee(com.sg.jdbctcomplexexample.entity.Employee)&quot; because &quot;this.employeeDao&quot; is null" type="java.lang.NullPointerException">java.lang.NullPointerException: Cannot invoke &quot;com.sg.jdbctcomplexexample.dao.EmployeeDao.addEmployee(com.sg.jdbctcomplexexample.entity.Employee)&quot; because &quot;this.employeeDao&quot; is null
	at com.sg.jdbctcomplexexample.dao.MeetingDaoDBTest.testGetMeetingsForEmployee(MeetingDaoDBTest.java:278)
</failure>
  </testcase>
  <testcase classname="com.sg.jdbctcomplexexample.dao.MeetingDaoDBTest" name="com.sg.jdbctcomplexexample.dao.MeetingDaoDBTest.testGetAllMeetings" time="0">
    <failure message="Cannot invoke &quot;com.sg.jdbctcomplexexample.dao.RoomDao.addRoom(com.sg.jdbctcomplexexample.entity.Room)&quot; because &quot;this.roomDao&quot; is null" type="java.lang.NullPointerException">java.lang.NullPointerException: Cannot invoke &quot;com.sg.jdbctcomplexexample.dao.RoomDao.addRoom(com.sg.jdbctcomplexexample.entity.Room)&quot; because &quot;this.roomDao&quot; is null
	at com.sg.jdbctcomplexexample.dao.MeetingDaoDBTest.testGetAllMeetings(MeetingDaoDBTest.java:98)
</failure>
  </testcase>
  <testcase classname="com.sg.jdbctcomplexexample.dao.MeetingDaoDBTest" name="com.sg.jdbctcomplexexample.dao.MeetingDaoDBTest.testDeleteMeeting" time="0">
    <failure message="Cannot invoke &quot;com.sg.jdbctcomplexexample.dao.EmployeeDao.addEmployee(com.sg.jdbctcomplexexample.entity.Employee)&quot; because &quot;this.employeeDao&quot; is null" type="java.lang.NullPointerException">java.lang.NullPointerException: Cannot invoke &quot;com.sg.jdbctcomplexexample.dao.EmployeeDao.addEmployee(com.sg.jdbctcomplexexample.entity.Employee)&quot; because &quot;this.employeeDao&quot; is null
	at com.sg.jdbctcomplexexample.dao.MeetingDaoDBTest.testDeleteMeeting(MeetingDaoDBTest.java:193)
</failure>
  </testcase>
  <testcase classname="com.sg.jdbctcomplexexample.dao.MeetingDaoDBTest" name="com.sg.jdbctcomplexexample.dao.MeetingDaoDBTest.testUpdateMeeting" time="0">
    <failure message="Cannot invoke &quot;com.sg.jdbctcomplexexample.dao.RoomDao.addRoom(com.sg.jdbctcomplexexample.entity.Room)&quot; because &quot;this.roomDao&quot; is null" type="java.lang.NullPointerException">java.lang.NullPointerException: Cannot invoke &quot;com.sg.jdbctcomplexexample.dao.RoomDao.addRoom(com.sg.jdbctcomplexexample.entity.Room)&quot; because &quot;this.roomDao&quot; is null
	at com.sg.jdbctcomplexexample.dao.MeetingDaoDBTest.testUpdateMeeting(MeetingDaoDBTest.java:144)
</failure>
  </testcase>
  <testcase classname="com.sg.jdbctcomplexexample.dao.MeetingDaoDBTest" name="com.sg.jdbctcomplexexample.dao.MeetingDaoDBTest.testAddGetMeeting" time="0">
    <failure message="Cannot invoke &quot;com.sg.jdbctcomplexexample.dao.RoomDao.addRoom(com.sg.jdbctcomplexexample.entity.Room)&quot; because &quot;this.roomDao&quot; is null" type="java.lang.NullPointerException">java.lang.NullPointerException: Cannot invoke &quot;com.sg.jdbctcomplexexample.dao.RoomDao.addRoom(com.sg.jdbctcomplexexample.entity.Room)&quot; because &quot;this.roomDao&quot; is null
	at com.sg.jdbctcomplexexample.dao.MeetingDaoDBTest.testAddGetMeeting(MeetingDaoDBTest.java:68)
</failure>
  </testcase>
  <testcase classname="com.sg.jdbctcomplexexample.dao.MeetingDaoDBTest" name="com.sg.jdbctcomplexexample.dao.MeetingDaoDBTest.testAddMeeting" time="0"/>
</testsuite>